[debug] [2022-05-19T15:35:00.465Z] ----------------------------------------------------------------------
[debug] [2022-05-19T15:35:00.467Z] Command:       C:\Program Files\nodejs\node.exe C:\Users\dhwld\AppData\Roaming\npm\node_modules\firebase-tools\lib\bin\firebase.js init
[debug] [2022-05-19T15:35:00.467Z] CLI Version:   11.0.0
[debug] [2022-05-19T15:35:00.468Z] Platform:      win32
[debug] [2022-05-19T15:35:00.468Z] Node Version:  v16.14.2
[debug] [2022-05-19T15:35:00.468Z] Time:          Fri May 20 2022 00:35:00 GMT+0900 (대한민국 표준시)
[debug] [2022-05-19T15:35:00.469Z] ----------------------------------------------------------------------
[debug] 
[debug] [2022-05-19T15:35:00.518Z] > command requires scopes: ["email","openid","https://www.googleapis.com/auth/cloudplatformprojects.readonly","https://www.googleapis.com/auth/firebase","https://www.googleapis.com/auth/cloud-platform"]
[debug] [2022-05-19T15:35:00.518Z] > authorizing via signed-in user (dhwldus00821@gmail.com)
[info] 
     ######## #### ########  ######## ########     ###     ######  ########
     ##        ##  ##     ## ##       ##     ##  ##   ##  ##       ##
     ######    ##  ########  ######   ########  #########  ######  ######
     ##        ##  ##    ##  ##       ##     ## ##     ##       ## ##
     ##       #### ##     ## ######## ########  ##     ##  ######  ########

You're about to initialize a Firebase project in this directory:

  C:\Users\dhwld\mobile-project

Before we get started, keep in mind:

  * You are initializing within an existing Firebase project directory

[info] 
=== Project Setup
[info] 
[info] First, let's associate this project directory with a Firebase project.
[info] You can create multiple project aliases by running firebase use --add, 
[info] but for now we'll just set up a default project.
[info] 
[debug] [2022-05-19T15:35:04.421Z] Using project from CLI flag: diet-8ee70
[debug] [2022-05-19T15:35:04.423Z] >>> [apiv2][query] GET https://firebase.googleapis.com/v1beta1/projects/diet-8ee70 [none]
[debug] [2022-05-19T15:35:04.944Z] <<< [apiv2][status] GET https://firebase.googleapis.com/v1beta1/projects/diet-8ee70 200
[debug] [2022-05-19T15:35:04.944Z] <<< [apiv2][body] GET https://firebase.googleapis.com/v1beta1/projects/diet-8ee70 {"projectId":"diet-8ee70","projectNumber":"1071903491465","displayName":"diet","name":"projects/diet-8ee70","resources":{"hostingSite":"diet-8ee70"},"state":"ACTIVE"}
[info] i  Using project diet-8ee70 (diet) 
[info] 
=== Hosting Setup
[info] 
[info] Your public directory is the folder (relative to your project directory) that
[info] will contain Hosting assets to be uploaded with firebase deploy. If you
[info] have a build process for your assets, use your build's output directory.
[info] 
